
{"level":"error","message":"error is not defined"}
{"level":"error","message":"error is not defined"}
{"level":"error","message":"error is not defined"}
{"level":"error","message":"error is not defined"}
{"level":"error","message":"error is not defined"}
{"level":"error","message":"error is not defined"}
{"level":"error","message":"error is not defined"}
{"level":"error","message":"E11000 duplicate key error collection: Beepsafe.users index: email_1 dup key: { email: \"javier.rojo66@gmail.com\" }"}
{"level":"error","message":"error is not defined"}
{"level":"error","message":"newCart is not defined"}
{"level":"error","message":"newCart is not defined"}
{"level":"error","message":"newCart is not defined"}
{"level":"error","message":"Not allowed by CORS"}
{"level":"error","message":"Not allowed by CORS"}
{"level":"error","message":"Not allowed by CORS"}
{"level":"error","message":"error is not defined"}
{"level":"error","message":"error is not defined"}
{"level":"error","message":"error is not defined"}
{"level":"error","message":"error is not defined"}
{"level":"error","message":"error is not defined"}
{"level":"error","message":"error is not defined"}
{"level":"error","message":"error is not defined"}
{"level":"error","message":"error is not defined"}
{"level":"error","message":"error is not defined"}
{"level":"error","message":"error is not defined"}
{"level":"error","message":"Unknown authentication strategy \"login\""}
{"level":"error","message":"Unknown authentication strategy \"login\""}
{"level":"error","message":"Unknown authentication strategy \"login\""}
{"level":"error","message":"Unknown authentication strategy \"login\""}
{"level":"error","message":"Unknown authentication strategy \"login\""}
{"level":"error","message":"customLogger is not defined"}
{"level":"error","message":"Not allowed by CORS"}
{"level":"error","message":"Failed to lookup view \"passwordResetForm\" in views directory \"C:\\Documents\\Docus\\Documents\\Nueva_etapa\\IT\\Proyectos\\Beepsafe- 1.0.0 - back\\src/views\""}
{"level":"error","message":"Failed to lookup view \"passwordResetForm\" in views directory \"C:\\Documents\\Docus\\Documents\\Nueva_etapa\\IT\\Proyectos\\Beepsafe- 1.0.0 - back\\src/views\""}
{"level":"error","message":"{\n     \"title\": \"Error connecting to DB \",\n     \"name\": \"Error\",\n     \"message\": \"querySrv ETIMEOUT _mongodb._tcp.jr.rdtaukg.mongodb.net\",\n     \"stack\": \"Error: querySrv ETIMEOUT _mongodb._tcp.jr.rdtaukg.mongodb.net\\n    at QueryReqWrap.onresolve [as oncomplete] (node:internal/dns/promises:275:17)\"\n}"}
{"level":"error","message":"{\n     \"title\": \"Error connecting to DB \",\n     \"name\": \"Error\",\n     \"message\": \"querySrv ETIMEOUT _mongodb._tcp.jr.rdtaukg.mongodb.net\",\n     \"stack\": \"Error: querySrv ETIMEOUT _mongodb._tcp.jr.rdtaukg.mongodb.net\\n    at QueryReqWrap.onresolve [as oncomplete] (node:internal/dns/promises:275:17)\"\n}"}
{"level":"error","message":"{\n     \"title\": \"Error connecting to DB \",\n     \"name\": \"Error\",\n     \"message\": \"querySrv ECONNREFUSED _mongodb._tcp.jr.rdtaukg.mongodb.net\",\n     \"stack\": \"Error: querySrv ECONNREFUSED _mongodb._tcp.jr.rdtaukg.mongodb.net\\n    at QueryReqWrap.onresolve [as oncomplete] (node:internal/dns/promises:275:17)\"\n}"}
{"level":"error","message":"{\n     \"title\": \"Error connecting to DB \",\n     \"name\": \"Error\",\n     \"message\": \"querySrv ECONNREFUSED _mongodb._tcp.jr.rdtaukg.mongodb.net\",\n     \"stack\": \"Error: querySrv ECONNREFUSED _mongodb._tcp.jr.rdtaukg.mongodb.net\\n    at QueryReqWrap.onresolve [as oncomplete] (node:internal/dns/promises:275:17)\"\n}"}
{"level":"error","message":"{\n     \"title\": \"Error connecting to DB \",\n     \"name\": \"Error\",\n     \"message\": \"querySrv ETIMEOUT _mongodb._tcp.jr.rdtaukg.mongodb.net\",\n     \"stack\": \"Error: querySrv ETIMEOUT _mongodb._tcp.jr.rdtaukg.mongodb.net\\n    at QueryReqWrap.onresolve [as oncomplete] (node:internal/dns/promises:275:17)\"\n}"}
{"level":"error","message":"{\n     \"title\": \"Error connecting to DB \",\n     \"name\": \"Error\",\n     \"message\": \"querySrv ETIMEOUT _mongodb._tcp.jr.rdtaukg.mongodb.net\",\n     \"stack\": \"Error: querySrv ETIMEOUT _mongodb._tcp.jr.rdtaukg.mongodb.net\\n    at QueryReqWrap.onresolve [as oncomplete] (node:internal/dns/promises:275:17)\"\n}"}
